0 verbose cli /Users/hbarros/.nvm/versions/node/v23.9.0/bin/node /Users/hbarros/.nvm/versions/node/v23.9.0/bin/npm
1 info using npm@10.9.2
2 info using node@v23.9.0
3 silly config load:file:/Users/hbarros/.nvm/versions/node/v23.9.0/lib/node_modules/npm/npmrc
4 silly config load:file:/Users/hbarros/Documents/oheberson_/danyel/.npmrc
5 silly config load:file:/Users/hbarros/.npmrc
6 silly config load:file:/Users/hbarros/.nvm/versions/node/v23.9.0/etc/npmrc
7 verbose title npm install lucide-react
8 verbose argv "install" "lucide-react"
9 verbose logfile logs-max:10 dir:/Users/hbarros/Documents/oheberson_/danyel/.npm-cache/_logs/2025-11-07T13_11_18_866Z-
10 verbose logfile /Users/hbarros/Documents/oheberson_/danyel/.npm-cache/_logs/2025-11-07T13_11_18_866Z-debug-0.log
11 silly logfile done cleaning log files
12 silly packumentCache heap:4345298944 maxSize:1086324736 maxEntrySize:543162368
13 silly idealTree buildDeps
14 silly fetch manifest lucide-react@*
15 silly packumentCache full:https://registry.npmjs.org/lucide-react cache-miss
16 http fetch GET 200 https://registry.npmjs.org/npm 766ms
17 http fetch GET 200 https://registry.npmjs.org/lucide-react 730ms (cache miss)
18 silly packumentCache full:https://registry.npmjs.org/lucide-react set size:undefined disposed:false
19 silly fetch manifest react@^19.2.0
20 silly packumentCache full:https://registry.npmjs.org/react cache-miss
21 http fetch GET 200 https://registry.npmjs.org/react 662ms (cache miss)
22 silly packumentCache full:https://registry.npmjs.org/react set size:undefined disposed:false
23 silly placeDep ROOT lucide-react@0.553.0 OK for: danyel@1.0.0 want: *
24 silly reify moves {}
25 silly audit bulk request {
25 silly audit   '@alloc/quick-lru': [ '5.2.0' ],
25 silly audit   '@emnapi/runtime': [ '1.7.0' ],
25 silly audit   '@img/colour': [ '1.0.0' ],
25 silly audit   '@img/sharp-darwin-arm64': [ '0.34.4' ],
25 silly audit   '@img/sharp-darwin-x64': [ '0.34.4' ],
25 silly audit   '@img/sharp-libvips-darwin-arm64': [ '1.2.3' ],
25 silly audit   '@img/sharp-libvips-darwin-x64': [ '1.2.3' ],
25 silly audit   '@img/sharp-libvips-linux-arm': [ '1.2.3' ],
25 silly audit   '@img/sharp-libvips-linux-arm64': [ '1.2.3' ],
25 silly audit   '@img/sharp-libvips-linux-ppc64': [ '1.2.3' ],
25 silly audit   '@img/sharp-libvips-linux-s390x': [ '1.2.3' ],
25 silly audit   '@img/sharp-libvips-linux-x64': [ '1.2.3' ],
25 silly audit   '@img/sharp-libvips-linuxmusl-arm64': [ '1.2.3' ],
25 silly audit   '@img/sharp-libvips-linuxmusl-x64': [ '1.2.3' ],
25 silly audit   '@img/sharp-linux-arm': [ '0.34.4' ],
25 silly audit   '@img/sharp-linux-arm64': [ '0.34.4' ],
25 silly audit   '@img/sharp-linux-ppc64': [ '0.34.4' ],
25 silly audit   '@img/sharp-linux-s390x': [ '0.34.4' ],
25 silly audit   '@img/sharp-linux-x64': [ '0.34.4' ],
25 silly audit   '@img/sharp-linuxmusl-arm64': [ '0.34.4' ],
25 silly audit   '@img/sharp-linuxmusl-x64': [ '0.34.4' ],
25 silly audit   '@img/sharp-wasm32': [ '0.34.4' ],
25 silly audit   '@img/sharp-win32-arm64': [ '0.34.4' ],
25 silly audit   '@img/sharp-win32-ia32': [ '0.34.4' ],
25 silly audit   '@img/sharp-win32-x64': [ '0.34.4' ],
25 silly audit   '@isaacs/cliui': [ '8.0.2' ],
25 silly audit   '@jridgewell/gen-mapping': [ '0.3.13' ],
25 silly audit   '@jridgewell/resolve-uri': [ '3.1.2' ],
25 silly audit   '@jridgewell/sourcemap-codec': [ '1.5.5' ],
25 silly audit   '@jridgewell/trace-mapping': [ '0.3.31' ],
25 silly audit   '@next/env': [ '16.0.1' ],
25 silly audit   '@next/swc-darwin-arm64': [ '16.0.1' ],
25 silly audit   '@next/swc-darwin-x64': [ '16.0.1' ],
25 silly audit   '@next/swc-linux-arm64-gnu': [ '16.0.1' ],
25 silly audit   '@next/swc-linux-arm64-musl': [ '16.0.1' ],
25 silly audit   '@next/swc-linux-x64-gnu': [ '16.0.1' ],
25 silly audit   '@next/swc-linux-x64-musl': [ '16.0.1' ],
25 silly audit   '@next/swc-win32-arm64-msvc': [ '16.0.1' ],
25 silly audit   '@next/swc-win32-x64-msvc': [ '16.0.1' ],
25 silly audit   '@nodelib/fs.scandir': [ '2.1.5' ],
25 silly audit   '@nodelib/fs.stat': [ '2.0.5' ],
25 silly audit   '@nodelib/fs.walk': [ '1.2.8' ],
25 silly audit   '@pkgjs/parseargs': [ '0.11.0' ],
25 silly audit   '@swc/helpers': [ '0.5.15' ],
25 silly audit   'ansi-regex': [ '6.2.2', '5.0.1' ],
25 silly audit   'ansi-styles': [ '6.2.3', '4.3.0' ],
25 silly audit   'any-promise': [ '1.3.0' ],
25 silly audit   anymatch: [ '3.1.3' ],
25 silly audit   arg: [ '5.0.2' ],
25 silly audit   autoprefixer: [ '10.4.21' ],
25 silly audit   'balanced-match': [ '1.0.2' ],
25 silly audit   'baseline-browser-mapping': [ '2.8.25' ],
25 silly audit   'binary-extensions': [ '2.3.0' ],
25 silly audit   'brace-expansion': [ '2.0.2' ],
25 silly audit   braces: [ '3.0.3' ],
25 silly audit   browserslist: [ '4.27.0' ],
25 silly audit   'camelcase-css': [ '2.0.1' ],
25 silly audit   'caniuse-lite': [ '1.0.30001754' ],
25 silly audit   chokidar: [ '3.6.0' ],
25 silly audit   'glob-parent': [ '5.1.2', '6.0.2' ],
25 silly audit   'client-only': [ '0.0.1' ],
25 silly audit   'color-convert': [ '2.0.1' ],
25 silly audit   'color-name': [ '1.1.4' ],
25 silly audit   commander: [ '4.1.1' ],
25 silly audit   'cross-spawn': [ '7.0.6' ],
25 silly audit   cssesc: [ '3.0.0' ],
25 silly audit   'detect-libc': [ '2.1.2' ],
25 silly audit   didyoumean: [ '1.2.2' ],
25 silly audit   dlv: [ '1.1.3' ],
25 silly audit   eastasianwidth: [ '0.2.0' ],
25 silly audit   'electron-to-chromium': [ '1.5.245' ],
25 silly audit   'emoji-regex': [ '9.2.2', '8.0.0' ],
25 silly audit   escalade: [ '3.2.0' ],
25 silly audit   'fast-glob': [ '3.3.3' ],
25 silly audit   fastq: [ '1.19.1' ],
25 silly audit   'fill-range': [ '7.1.1' ],
25 silly audit   'foreground-child': [ '3.3.1' ],
25 silly audit   'fraction.js': [ '4.3.7' ],
25 silly audit   'framer-motion': [ '12.23.24' ],
25 silly audit   fsevents: [ '2.3.3' ],
25 silly audit   'function-bind': [ '1.1.2' ],
25 silly audit   glob: [ '10.4.5' ],
25 silly audit   gsap: [ '3.13.0' ],
25 silly audit   hasown: [ '2.0.2' ],
25 silly audit   'is-binary-path': [ '2.1.0' ],
25 silly audit   'is-core-module': [ '2.16.1' ],
25 silly audit   'is-extglob': [ '2.1.1' ],
25 silly audit   'is-fullwidth-code-point': [ '3.0.0' ],
25 silly audit   'is-glob': [ '4.0.3' ],
25 silly audit   'is-number': [ '7.0.0' ],
25 silly audit   isexe: [ '2.0.0' ],
25 silly audit   jackspeak: [ '3.4.3' ],
25 silly audit   jiti: [ '1.21.7' ],
25 silly audit   lilconfig: [ '3.1.3' ],
25 silly audit   'lines-and-columns': [ '1.2.4' ],
25 silly audit   'lru-cache': [ '10.4.3' ],
25 silly audit   merge2: [ '1.4.1' ],
25 silly audit   micromatch: [ '4.0.8' ],
25 silly audit   minimatch: [ '9.0.5' ],
25 silly audit   minipass: [ '7.1.2' ],
25 silly audit   'motion-dom': [ '12.23.23' ],
25 silly audit   'motion-utils': [ '12.23.6' ],
25 silly audit   mz: [ '2.7.0' ],
25 silly audit   nanoid: [ '3.3.11' ],
25 silly audit   next: [ '16.0.1' ],
25 silly audit   postcss: [ '8.4.31', '8.5.6' ],
25 silly audit   'node-releases': [ '2.0.27' ],
25 silly audit   'normalize-path': [ '3.0.0' ],
25 silly audit   'normalize-range': [ '0.1.2' ],
25 silly audit   'object-assign': [ '4.1.1' ],
25 silly audit   'object-hash': [ '3.0.0' ],
25 silly audit   'package-json-from-dist': [ '1.0.1' ],
25 silly audit   'path-key': [ '3.1.1' ],
25 silly audit   'path-parse': [ '1.0.7' ],
25 silly audit   'path-scurry': [ '1.11.1' ],
25 silly audit   picocolors: [ '1.1.1' ],
25 silly audit   picomatch: [ '2.3.1' ],
25 silly audit   pify: [ '2.3.0' ],
25 silly audit   pirates: [ '4.0.7' ],
25 silly audit   'postcss-import': [ '15.1.0' ],
25 silly audit   'postcss-js': [ '4.1.0' ],
25 silly audit   'postcss-load-config': [ '6.0.1' ],
25 silly audit   'postcss-nested': [ '6.2.0' ],
25 silly audit   'postcss-selector-parser': [ '6.1.2' ],
25 silly audit   'postcss-value-parser': [ '4.2.0' ],
25 silly audit   'queue-microtask': [ '1.2.3' ],
25 silly audit   react: [ '19.2.0' ],
25 silly audit   'react-dom': [ '19.2.0' ],
25 silly audit   'read-cache': [ '1.0.0' ],
25 silly audit   readdirp: [ '3.6.0' ],
25 silly audit   resolve: [ '1.22.11' ],
25 silly audit   reusify: [ '1.1.0' ],
25 silly audit   'run-parallel': [ '1.2.0' ],
25 silly audit   scheduler: [ '0.27.0' ],
25 silly audit   semver: [ '7.7.3' ],
25 silly audit   sharp: [ '0.34.4' ],
25 silly audit   'shebang-command': [ '2.0.0' ],
25 silly audit   'shebang-regex': [ '3.0.0' ],
25 silly audit   'signal-exit': [ '4.1.0' ],
25 silly audit   'source-map-js': [ '1.2.1' ],
25 silly audit   'string-width': [ '5.1.2', '4.2.3' ],
25 silly audit   'strip-ansi': [ '6.0.1', '7.1.2' ],
25 silly audit   'styled-jsx': [ '5.1.6' ],
25 silly audit   sucrase: [ '3.35.0' ],
25 silly audit   'supports-preserve-symlinks-flag': [ '1.0.0' ],
25 silly audit   tailwindcss: [ '3.4.18' ],
25 silly audit   thenify: [ '3.3.1' ],
25 silly audit   'thenify-all': [ '1.6.0' ],
25 silly audit   'to-regex-range': [ '5.0.1' ],
25 silly audit   'ts-interface-checker': [ '0.1.13' ],
25 silly audit   tslib: [ '2.8.1' ],
25 silly audit   'update-browserslist-db': [ '1.1.4' ],
25 silly audit   'util-deprecate': [ '1.0.2' ],
25 silly audit   which: [ '2.0.2' ],
25 silly audit   'wrap-ansi': [ '8.1.0', '7.0.0' ],
25 silly audit   'lucide-react': [ '0.553.0' ]
25 silly audit }
26 verbose reify failed optional dependency /Users/hbarros/Documents/oheberson_/danyel/node_modules/@next/swc-win32-x64-msvc
27 silly reify mark deleted [
27 silly reify   '/Users/hbarros/Documents/oheberson_/danyel/node_modules/@next/swc-win32-x64-msvc'
27 silly reify ]
28 verbose reify failed optional dependency /Users/hbarros/Documents/oheberson_/danyel/node_modules/@next/swc-win32-arm64-msvc
29 silly reify mark deleted [
29 silly reify   '/Users/hbarros/Documents/oheberson_/danyel/node_modules/@next/swc-win32-arm64-msvc'
29 silly reify ]
30 verbose reify failed optional dependency /Users/hbarros/Documents/oheberson_/danyel/node_modules/@next/swc-linux-x64-musl
31 silly reify mark deleted [
31 silly reify   '/Users/hbarros/Documents/oheberson_/danyel/node_modules/@next/swc-linux-x64-musl'
31 silly reify ]
32 verbose reify failed optional dependency /Users/hbarros/Documents/oheberson_/danyel/node_modules/@next/swc-linux-x64-gnu
33 silly reify mark deleted [
33 silly reify   '/Users/hbarros/Documents/oheberson_/danyel/node_modules/@next/swc-linux-x64-gnu'
33 silly reify ]
34 verbose reify failed optional dependency /Users/hbarros/Documents/oheberson_/danyel/node_modules/@next/swc-linux-arm64-musl
35 silly reify mark deleted [
35 silly reify   '/Users/hbarros/Documents/oheberson_/danyel/node_modules/@next/swc-linux-arm64-musl'
35 silly reify ]
36 verbose reify failed optional dependency /Users/hbarros/Documents/oheberson_/danyel/node_modules/@next/swc-linux-arm64-gnu
37 silly reify mark deleted [
37 silly reify   '/Users/hbarros/Documents/oheberson_/danyel/node_modules/@next/swc-linux-arm64-gnu'
37 silly reify ]
38 verbose reify failed optional dependency /Users/hbarros/Documents/oheberson_/danyel/node_modules/@next/swc-darwin-x64
39 silly reify mark deleted [
39 silly reify   '/Users/hbarros/Documents/oheberson_/danyel/node_modules/@next/swc-darwin-x64'
39 silly reify ]
40 verbose reify failed optional dependency /Users/hbarros/Documents/oheberson_/danyel/node_modules/@img/sharp-win32-x64
41 silly reify mark deleted [
41 silly reify   '/Users/hbarros/Documents/oheberson_/danyel/node_modules/@img/sharp-win32-x64'
41 silly reify ]
42 verbose reify failed optional dependency /Users/hbarros/Documents/oheberson_/danyel/node_modules/@img/sharp-win32-ia32
43 silly reify mark deleted [
43 silly reify   '/Users/hbarros/Documents/oheberson_/danyel/node_modules/@img/sharp-win32-ia32'
43 silly reify ]
44 verbose reify failed optional dependency /Users/hbarros/Documents/oheberson_/danyel/node_modules/@img/sharp-win32-arm64
45 silly reify mark deleted [
45 silly reify   '/Users/hbarros/Documents/oheberson_/danyel/node_modules/@img/sharp-win32-arm64'
45 silly reify ]
46 verbose reify failed optional dependency /Users/hbarros/Documents/oheberson_/danyel/node_modules/@img/sharp-wasm32
47 silly reify mark deleted [
47 silly reify   '/Users/hbarros/Documents/oheberson_/danyel/node_modules/@img/sharp-wasm32'
47 silly reify ]
48 verbose reify failed optional dependency /Users/hbarros/Documents/oheberson_/danyel/node_modules/@emnapi/runtime
49 silly reify mark deleted [
49 silly reify   '/Users/hbarros/Documents/oheberson_/danyel/node_modules/@emnapi/runtime'
49 silly reify ]
50 verbose reify failed optional dependency /Users/hbarros/Documents/oheberson_/danyel/node_modules/@img/sharp-linuxmusl-x64
51 silly reify mark deleted [
51 silly reify   '/Users/hbarros/Documents/oheberson_/danyel/node_modules/@img/sharp-linuxmusl-x64'
51 silly reify ]
52 verbose reify failed optional dependency /Users/hbarros/Documents/oheberson_/danyel/node_modules/@img/sharp-linuxmusl-arm64
53 silly reify mark deleted [
53 silly reify   '/Users/hbarros/Documents/oheberson_/danyel/node_modules/@img/sharp-linuxmusl-arm64'
53 silly reify ]
54 verbose reify failed optional dependency /Users/hbarros/Documents/oheberson_/danyel/node_modules/@img/sharp-linux-x64
55 silly reify mark deleted [
55 silly reify   '/Users/hbarros/Documents/oheberson_/danyel/node_modules/@img/sharp-linux-x64'
55 silly reify ]
56 verbose reify failed optional dependency /Users/hbarros/Documents/oheberson_/danyel/node_modules/@img/sharp-linux-s390x
57 silly reify mark deleted [
57 silly reify   '/Users/hbarros/Documents/oheberson_/danyel/node_modules/@img/sharp-linux-s390x'
57 silly reify ]
58 verbose reify failed optional dependency /Users/hbarros/Documents/oheberson_/danyel/node_modules/@img/sharp-linux-ppc64
59 silly reify mark deleted [
59 silly reify   '/Users/hbarros/Documents/oheberson_/danyel/node_modules/@img/sharp-linux-ppc64'
59 silly reify ]
60 verbose reify failed optional dependency /Users/hbarros/Documents/oheberson_/danyel/node_modules/@img/sharp-linux-arm64
61 silly reify mark deleted [
61 silly reify   '/Users/hbarros/Documents/oheberson_/danyel/node_modules/@img/sharp-linux-arm64'
61 silly reify ]
62 verbose reify failed optional dependency /Users/hbarros/Documents/oheberson_/danyel/node_modules/@img/sharp-linux-arm
63 silly reify mark deleted [
63 silly reify   '/Users/hbarros/Documents/oheberson_/danyel/node_modules/@img/sharp-linux-arm'
63 silly reify ]
64 verbose reify failed optional dependency /Users/hbarros/Documents/oheberson_/danyel/node_modules/@img/sharp-libvips-linuxmusl-x64
65 silly reify mark deleted [
65 silly reify   '/Users/hbarros/Documents/oheberson_/danyel/node_modules/@img/sharp-libvips-linuxmusl-x64'
65 silly reify ]
66 verbose reify failed optional dependency /Users/hbarros/Documents/oheberson_/danyel/node_modules/@img/sharp-libvips-linuxmusl-arm64
67 silly reify mark deleted [
67 silly reify   '/Users/hbarros/Documents/oheberson_/danyel/node_modules/@img/sharp-libvips-linuxmusl-arm64'
67 silly reify ]
68 verbose reify failed optional dependency /Users/hbarros/Documents/oheberson_/danyel/node_modules/@img/sharp-libvips-linux-x64
69 silly reify mark deleted [
69 silly reify   '/Users/hbarros/Documents/oheberson_/danyel/node_modules/@img/sharp-libvips-linux-x64'
69 silly reify ]
70 verbose reify failed optional dependency /Users/hbarros/Documents/oheberson_/danyel/node_modules/@img/sharp-libvips-linux-s390x
71 silly reify mark deleted [
71 silly reify   '/Users/hbarros/Documents/oheberson_/danyel/node_modules/@img/sharp-libvips-linux-s390x'
71 silly reify ]
72 verbose reify failed optional dependency /Users/hbarros/Documents/oheberson_/danyel/node_modules/@img/sharp-libvips-linux-ppc64
73 silly reify mark deleted [
73 silly reify   '/Users/hbarros/Documents/oheberson_/danyel/node_modules/@img/sharp-libvips-linux-ppc64'
73 silly reify ]
74 verbose reify failed optional dependency /Users/hbarros/Documents/oheberson_/danyel/node_modules/@img/sharp-libvips-linux-arm64
75 silly reify mark deleted [
75 silly reify   '/Users/hbarros/Documents/oheberson_/danyel/node_modules/@img/sharp-libvips-linux-arm64'
75 silly reify ]
76 verbose reify failed optional dependency /Users/hbarros/Documents/oheberson_/danyel/node_modules/@img/sharp-libvips-linux-arm
77 silly reify mark deleted [
77 silly reify   '/Users/hbarros/Documents/oheberson_/danyel/node_modules/@img/sharp-libvips-linux-arm'
77 silly reify ]
78 verbose reify failed optional dependency /Users/hbarros/Documents/oheberson_/danyel/node_modules/@img/sharp-libvips-darwin-x64
79 silly reify mark deleted [
79 silly reify   '/Users/hbarros/Documents/oheberson_/danyel/node_modules/@img/sharp-libvips-darwin-x64'
79 silly reify ]
80 verbose reify failed optional dependency /Users/hbarros/Documents/oheberson_/danyel/node_modules/@img/sharp-darwin-x64
81 silly reify mark deleted [
81 silly reify   '/Users/hbarros/Documents/oheberson_/danyel/node_modules/@img/sharp-darwin-x64'
81 silly reify ]
82 http cache @emnapi/runtime@https://registry.npmjs.org/@emnapi/runtime/-/runtime-1.7.0.tgz 0ms (cache hit)
83 http cache lucide-react@https://registry.npmjs.org/lucide-react/-/lucide-react-0.553.0.tgz 0ms (cache hit)
84 http cache fsevents@https://registry.npmjs.org/fsevents/-/fsevents-2.3.3.tgz 0ms (cache hit)
85 silly tarball no local data for @emnapi/runtime@https://registry.npmjs.org/@emnapi/runtime/-/runtime-1.7.0.tgz. Extracting by manifest.
86 silly tarball no local data for lucide-react@https://registry.npmjs.org/lucide-react/-/lucide-react-0.553.0.tgz. Extracting by manifest.
87 silly tarball no local data for fsevents@https://registry.npmjs.org/fsevents/-/fsevents-2.3.3.tgz. Extracting by manifest.
88 http fetch GET 200 https://registry.npmjs.org/@emnapi/runtime/-/runtime-1.7.0.tgz 137ms (cache miss)
89 http fetch GET 200 https://registry.npmjs.org/fsevents/-/fsevents-2.3.3.tgz 263ms (cache miss)
90 http fetch POST 200 https://registry.npmjs.org/-/npm/v1/security/advisories/bulk 344ms
91 silly audit report {}
92 http fetch GET 200 https://registry.npmjs.org/lucide-react/-/lucide-react-0.553.0.tgz 1543ms (cache miss)
93 silly ADD node_modules/lucide-react
94 silly ADD node_modules/fsevents
95 silly ADD
96 silly ADD
97 silly ADD
98 silly ADD
99 silly ADD
100 silly ADD
101 silly ADD
102 silly ADD
103 silly ADD
104 silly ADD
105 silly ADD
106 silly ADD
107 silly ADD
108 silly ADD
109 silly ADD
110 silly ADD
111 silly ADD
112 silly ADD
113 silly ADD
114 silly ADD
115 silly ADD
116 silly ADD
117 silly ADD
118 silly ADD
119 silly ADD
120 silly ADD
121 silly ADD
122 silly ADD
123 verbose cwd /Users/hbarros/Documents/oheberson_/danyel
124 verbose os Darwin 24.6.0
125 verbose node v23.9.0
126 verbose npm  v10.9.2
127 notice
127 notice New major version of npm available! 10.9.2 -> 11.6.2
127 notice Changelog: https://github.com/npm/cli/releases/tag/v11.6.2
127 notice To update run: npm install -g npm@11.6.2
127 notice  { force: true, [Symbol(proc-log.meta)]: true }
128 verbose exit 0
129 info ok
